#
# There is insufficient memory for the Java Runtime Environment to continue.
# Native memory allocation (malloc) failed to allocate 255616 bytes for Chunk::new
# Possible reasons:
#   The system is out of physical RAM or swap space
#   In 32 bit mode, the process size limit was hit
# Possible solutions:
#   Reduce memory load on the system
#   Increase physical memory or swap space
#   Check if swap backing store is full
#   Use 64 bit Java on a 64 bit OS
#   Decrease Java heap size (-Xmx/-Xms)
#   Decrease number of Java threads
#   Decrease Java thread stack sizes (-Xss)
#   Set larger code cache with -XX:ReservedCodeCacheSize=
# This output file may be truncated or incomplete.
#
#  Out of Memory Error (allocation.cpp:390), pid=15208, tid=0x00000000000034dc
#
# JRE version: OpenJDK Runtime Environment (8.0_152-b01) (build 1.8.0_152-release-915-b01)
# Java VM: OpenJDK 64-Bit Server VM (25.152-b01 mixed mode windows-amd64 compressed oops)
# Failed to write core dump. Minidumps are not enabled by default on client versions of Windows
#

---------------  T H R E A D  ---------------

Current thread (0x000000005674c000):  JavaThread "C2 CompilerThread1" daemon [_thread_in_native, id=13532, stack(0x00000000581a0000,0x00000000582a0000)]

Stack: [0x00000000581a0000,0x00000000582a0000]
[error occurred during error reporting (printing stack bounds), id 0xc0000005]

Native frames: (J=compiled Java code, j=interpreted, Vv=VM code, C=native code)


Current CompileTask:
C2:   6540 1230   !   4       java.lang.ClassLoader::loadClass (122 bytes)


---------------  P R O C E S S  ---------------

Java Threads: ( => current thread )
  0x000000005a0ce800 JavaThread "Stdin handler" [_thread_blocked, id=15032, stack(0x00000000582b0000,0x00000000583b0000)]
  0x0000000059842800 JavaThread "Asynchronous log dispatcher for DefaultDaemonConnection: socket connection from /127.0.0.1:6287 to /127.0.0.1:6290" [_thread_blocked, id=15076, stack(0x000000005bce0000,0x000000005bde0000)]
  0x0000000059fdc000 JavaThread "Daemon worker" [_thread_in_vm, id=13320, stack(0x000000005c000000,0x000000005c100000)]
  0x0000000059fdb000 JavaThread "Cancel handler" [_thread_blocked, id=14208, stack(0x000000005bdf0000,0x000000005bef0000)]
  0x0000000059a0b800 JavaThread "Handler for socket connection from /127.0.0.1:6287 to /127.0.0.1:6290" [_thread_in_native, id=4616, stack(0x000000005b980000,0x000000005ba80000)]
  0x00000000596de800 JavaThread "Daemon" [_thread_blocked, id=13652, stack(0x000000005b840000,0x000000005b940000)]
  0x0000000059bc7800 JavaThread "Daemon periodic checks" [_thread_blocked, id=13348, stack(0x000000005b660000,0x000000005b760000)]
  0x0000000059f65800 JavaThread "Incoming local TCP Connector on port 6287" [_thread_in_native, id=6816, stack(0x0000000058080000,0x0000000058180000)]
  0x00000000567dd000 JavaThread "Service Thread" daemon [_thread_blocked, id=14524, stack(0x0000000058770000,0x0000000058870000)]
  0x0000000056796000 JavaThread "C1 CompilerThread3" daemon [_thread_blocked, id=10164, stack(0x0000000058580000,0x0000000058680000)]
  0x000000005678b000 JavaThread "C2 CompilerThread2" daemon [_thread_blocked, id=14520, stack(0x00000000583b0000,0x00000000584b0000)]
=>0x000000005674c000 JavaThread "C2 CompilerThread1" daemon [_thread_in_native, id=13532, stack(0x00000000581a0000,0x00000000582a0000)]
  0x000000005673e800 JavaThread "C2 CompilerThread0" daemon [_thread_blocked, id=14284, stack(0x00000000579e0000,0x0000000057ae0000)]
  0x000000005673d000 JavaThread "Attach Listener" daemon [_thread_blocked, id=14568, stack(0x0000000057f00000,0x0000000058000000)]
  0x000000005673b000 JavaThread "Signal Dispatcher" daemon [_thread_blocked, id=15132, stack(0x0000000057d20000,0x0000000057e20000)]
  0x000000005568c000 JavaThread "Finalizer" daemon [_thread_blocked, id=14936, stack(0x0000000057b20000,0x0000000057c20000)]
  0x0000000055685000 JavaThread "Reference Handler" daemon [_thread_blocked, id=14840, stack(0x0000000057880000,0x0000000057980000)]
  0x000000000065e800 JavaThread "main" [_thread_blocked, id=14444, stack(0x0000000002420000,0x0000000002520000)]

Other Threads:
  0x00000000566f1800 VMThread [stack: 0x0000000057690000,0x0000000057790000] [id=14776]
  0x00000000567b6800 WatcherThread [stack: 0x0000000058960000,0x0000000058a60000] [id=14528]

VM state:not at safepoint (normal execution)

VM Mutex/Monitor currently owned by a thread: None

Heap:
 PSYoungGen      total 70656K, used 14168K [0x00000000eab00000, 0x00000000ef500000, 0x0000000100000000)
  eden space 65536K, 13% used [0x00000000eab00000,0x00000000eb3dc238,0x00000000eeb00000)
  from space 5120K, 99% used [0x00000000ef000000,0x00000000ef4fa140,0x00000000ef500000)
  to   space 5120K, 0% used [0x00000000eeb00000,0x00000000eeb00000,0x00000000ef000000)
 ParOldGen       total 86016K, used 836K [0x00000000c0000000, 0x00000000c5400000, 0x00000000eab00000)
  object space 86016K, 0% used [0x00000000c0000000,0x00000000c00d1348,0x00000000c5400000)
 Metaspace       used 12832K, capacity 13120K, committed 13184K, reserved 1060864K
  class space    used 1756K, capacity 1894K, committed 1920K, reserved 1048576K

Card table byte_map: [0x0000000011bb0000,0x0000000011dc0000] byte_map_base: 0x00000000115b0000

Marking Bits: (ParMarkBitMap*) 0x00000000697b3950
 Begin Bits: [0x0000000012aa0000, 0x0000000013aa0000)
 End Bits:   [0x0000000013aa0000, 0x0000000014aa0000)

Polling page: 0x0000000000430000

CodeCache: size=245760Kb used=4338Kb max_used=4350Kb free=241421Kb
 bounds [0x00000000027f0000, 0x0000000002c40000, 0x00000000117f0000]
 total_blobs=1608 nmethods=1249 adapters=273
 compilation: enabled

Compilation events (10 events):
Event: 5.526 Thread 0x0000000056796000 nmethod 1247 0x0000000002c29250 code [0x0000000002c29440, 0x0000000002c29e18]
Event: 5.527 Thread 0x0000000056796000 1248       3       org.gradle.internal.service.DefaultServiceRegistry$FactoryService::<init> (11 bytes)
Event: 5.527 Thread 0x0000000056796000 nmethod 1248 0x0000000002c28b10 code [0x0000000002c28ca0, 0x0000000002c29048]
Event: 5.527 Thread 0x0000000056796000 1249       3       org.gradle.internal.service.DefaultServiceRegistry$FactoryMethodService::<init> (27 bytes)
Event: 5.528 Thread 0x0000000056796000 nmethod 1249 0x0000000002c2e290 code [0x0000000002c2e420, 0x0000000002c2e948]
Event: 5.528 Thread 0x000000005673e800 nmethod 1231 0x0000000002c30c10 code [0x0000000002c30da0, 0x0000000002c31648]
Event: 5.531 Thread 0x000000005678b000 1250       4       java.nio.DirectLongBufferU::put (18 bytes)
Event: 5.531 Thread 0x000000005673e800 1251       4       java.lang.String::lastIndexOf (151 bytes)
Event: 5.532 Thread 0x000000005678b000 nmethod 1250 0x0000000002c2f210 code [0x0000000002c2f340, 0x0000000002c2f3d8]
Event: 5.533 Thread 0x000000005673e800 nmethod 1251 0x0000000002c30550 code [0x0000000002c306a0, 0x0000000002c30918]

GC Heap History (4 events):
Event: 1.358 GC heap before
{Heap before GC invocations=1 (full 0):
 PSYoungGen      total 37888K, used 32768K [0x00000000eab00000, 0x00000000ed500000, 0x0000000100000000)
  eden space 32768K, 100% used [0x00000000eab00000,0x00000000ecb00000,0x00000000ecb00000)
  from space 5120K, 0% used [0x00000000ed000000,0x00000000ed000000,0x00000000ed500000)
  to   space 5120K, 0% used [0x00000000ecb00000,0x00000000ecb00000,0x00000000ed000000)
 ParOldGen       total 86016K, used 0K [0x00000000c0000000, 0x00000000c5400000, 0x00000000eab00000)
  object space 86016K, 0% used [0x00000000c0000000,0x00000000c0000000,0x00000000c5400000)
 Metaspace       used 6514K, capacity 6702K, committed 6784K, reserved 1056768K
  class space    used 799K, capacity 875K, committed 896K, reserved 1048576K
Event: 1.584 GC heap after
Heap after GC invocations=1 (full 0):
 PSYoungGen      total 37888K, used 3963K [0x00000000eab00000, 0x00000000ef500000, 0x0000000100000000)
  eden space 32768K, 0% used [0x00000000eab00000,0x00000000eab00000,0x00000000ecb00000)
  from space 5120K, 77% used [0x00000000ecb00000,0x00000000eceded88,0x00000000ed000000)
  to   space 5120K, 0% used [0x00000000ef000000,0x00000000ef000000,0x00000000ef500000)
 ParOldGen       total 86016K, used 8K [0x00000000c0000000, 0x00000000c5400000, 0x00000000eab00000)
  object space 86016K, 0% used [0x00000000c0000000,0x00000000c0002000,0x00000000c5400000)
 Metaspace       used 6514K, capacity 6702K, committed 6784K, reserved 1056768K
  class space    used 799K, capacity 875K, committed 896K, reserved 1048576K
}
Event: 5.425 GC heap before
{Heap before GC invocations=2 (full 0):
 PSYoungGen      total 37888K, used 36731K [0x00000000eab00000, 0x00000000ef500000, 0x0000000100000000)
  eden space 32768K, 100% used [0x00000000eab00000,0x00000000ecb00000,0x00000000ecb00000)
  from space 5120K, 77% used [0x00000000ecb00000,0x00000000eceded88,0x00000000ed000000)
  to   space 5120K, 0% used [0x00000000ef000000,0x00000000ef000000,0x00000000ef500000)
 ParOldGen       total 86016K, used 8K [0x00000000c0000000, 0x00000000c5400000, 0x00000000eab00000)
  object space 86016K, 0% used [0x00000000c0000000,0x00000000c0002000,0x00000000c5400000)
 Metaspace       used 12170K, capacity 12544K, committed 12800K, reserved 1060864K
  class space    used 1626K, capacity 1766K, committed 1792K, reserved 1048576K
Event: 5.437 GC heap after
Heap after GC invocations=2 (full 0):
 PSYoungGen      total 70656K, used 5096K [0x00000000eab00000, 0x00000000ef500000, 0x0000000100000000)
  eden space 65536K, 0% used [0x00000000eab00000,0x00000000eab00000,0x00000000eeb00000)
  from space 5120K, 99% used [0x00000000ef000000,0x00000000ef4fa140,0x00000000ef500000)
  to   space 5120K, 0% used [0x00000000eeb00000,0x00000000eeb00000,0x00000000ef000000)
 ParOldGen       total 86016K, used 836K [0x00000000c0000000, 0x00000000c5400000, 0x00000000eab00000)
  object space 86016K, 0% used [0x00000000c0000000,0x00000000c00d1348,0x00000000c5400000)
 Metaspace       used 12170K, capacity 12544K, committed 12800K, reserved 1060864K
  class space    used 1626K, capacity 1766K, committed 1792K, reserved 1048576K
}

Deoptimization events (10 events):
Event: 1.831 Thread 0x000000000065e800 Uncommon trap: reason=bimorphic action=maybe_recompile pc=0x0000000002a246ec method=java.util.HashMap.putVal(ILjava/lang/Object;Ljava/lang/Object;ZZ)Ljava/lang/Object; @ 91
Event: 1.831 Thread 0x000000000065e800 Uncommon trap: reason=bimorphic action=maybe_recompile pc=0x0000000002a246ec method=java.util.HashMap.putVal(ILjava/lang/Object;Ljava/lang/Object;ZZ)Ljava/lang/Object; @ 91
Event: 1.831 Thread 0x000000000065e800 Uncommon trap: reason=bimorphic action=maybe_recompile pc=0x0000000002a246ec method=java.util.HashMap.putVal(ILjava/lang/Object;Ljava/lang/Object;ZZ)Ljava/lang/Object; @ 91
Event: 1.837 Thread 0x000000000065e800 Uncommon trap: reason=bimorphic action=maybe_recompile pc=0x0000000002a1fef4 method=java.util.HashMap.putVal(ILjava/lang/Object;Ljava/lang/Object;ZZ)Ljava/lang/Object; @ 91
Event: 2.495 Thread 0x000000000065e800 Uncommon trap: reason=bimorphic action=maybe_recompile pc=0x0000000002ad1f70 method=java.util.HashMap.putVal(ILjava/lang/Object;Ljava/lang/Object;ZZ)Ljava/lang/Object; @ 203
Event: 3.520 Thread 0x000000000065e800 Uncommon trap: reason=unstable_if action=reinterpret pc=0x0000000002b15ef4 method=java.io.WinNTFileSystem.normalize(Ljava/lang/String;)Ljava/lang/String; @ 128
Event: 3.520 Thread 0x000000000065e800 Uncommon trap: reason=unstable_if action=reinterpret pc=0x0000000002abf920 method=java.io.WinNTFileSystem.normalize(Ljava/lang/String;II)Ljava/lang/String; @ 90
Event: 5.256 Thread 0x0000000059fdc000 Uncommon trap: reason=bimorphic action=maybe_recompile pc=0x0000000002ad19fc method=java.util.HashMap.putVal(ILjava/lang/Object;Ljava/lang/Object;ZZ)Ljava/lang/Object; @ 253
Event: 5.256 Thread 0x0000000059fdc000 Uncommon trap: reason=bimorphic action=maybe_recompile pc=0x0000000002ad19fc method=java.util.HashMap.putVal(ILjava/lang/Object;Ljava/lang/Object;ZZ)Ljava/lang/Object; @ 253
Event: 5.256 Thread 0x0000000059fdc000 Uncommon trap: reason=bimorphic action=maybe_recompile pc=0x0000000002ad48b0 method=java.util.HashMap.putVal(ILjava/lang/Object;Ljava/lang/Object;ZZ)Ljava/lang/Object; @ 253

Classes redefined (0 events):
No events

Internal exceptions (10 events):
Event: 5.064 Thread 0x0000000059a0b800 Exception <a 'java/lang/NoSuchMethodError': <clinit>> (0x00000000ec5ac8c8) thrown at [D:\src\AOSP-openjdk-cygwin\jdk8u\hotspot\src\share\vm\prims\jni.cpp, line 1613]
Event: 5.067 Thread 0x0000000059a0b800 Exception <a 'java/lang/NoSuchMethodError': <clinit>> (0x00000000ec5cd6d0) thrown at [D:\src\AOSP-openjdk-cygwin\jdk8u\hotspot\src\share\vm\prims\jni.cpp, line 1613]
Event: 5.069 Thread 0x0000000059a0b800 Exception <a 'java/lang/NoSuchMethodError': <clinit>> (0x00000000ec5e5120) thrown at [D:\src\AOSP-openjdk-cygwin\jdk8u\hotspot\src\share\vm\prims\jni.cpp, line 1613]
Event: 5.070 Thread 0x0000000059a0b800 Exception <a 'java/lang/NoSuchMethodError': <clinit>> (0x00000000ec5edbe8) thrown at [D:\src\AOSP-openjdk-cygwin\jdk8u\hotspot\src\share\vm\prims\jni.cpp, line 1613]
Event: 5.071 Thread 0x0000000059a0b800 Exception <a 'java/lang/NoSuchMethodError': <clinit>> (0x00000000ec5ff1a0) thrown at [D:\src\AOSP-openjdk-cygwin\jdk8u\hotspot\src\share\vm\prims\jni.cpp, line 1613]
Event: 5.104 Thread 0x0000000059a0b800 Exception <a 'java/lang/NoSuchMethodError': <clinit>> (0x00000000ec67e238) thrown at [D:\src\AOSP-openjdk-cygwin\jdk8u\hotspot\src\share\vm\prims\jni.cpp, line 1613]
Event: 5.112 Thread 0x0000000059a0b800 Exception <a 'java/lang/NoSuchMethodError': <clinit>> (0x00000000ec6989e0) thrown at [D:\src\AOSP-openjdk-cygwin\jdk8u\hotspot\src\share\vm\prims\jni.cpp, line 1613]
Event: 5.118 Thread 0x0000000059a0b800 Exception <a 'java/lang/NoSuchMethodError': <clinit>> (0x00000000ec6bb5d0) thrown at [D:\src\AOSP-openjdk-cygwin\jdk8u\hotspot\src\share\vm\prims\jni.cpp, line 1613]
Event: 5.233 Thread 0x0000000059fdc000 Exception <a 'java/lang/NoSuchMethodError': <clinit>> (0x00000000ec7bad70) thrown at [D:\src\AOSP-openjdk-cygwin\jdk8u\hotspot\src\share\vm\prims\jni.cpp, line 1613]
Event: 5.245 Thread 0x0000000059fdc000 Exception <a 'java/lang/NoSuchMethodError': <clinit>> (0x00000000ec7c2ff8) thrown at [D:\src\AOSP-openjdk-cygwin\jdk8u\hotspot\src\share\vm\prims\jni.cpp, line 1613]

Events (10 events):
Event: 5.536 loading class com/google/common/collect/MapDifference
Event: 5.536 loading class com/google/common/collect/MapDifference done
Event: 5.537 loading class com/google/common/base/Converter
Event: 5.537 loading class com/google/common/base/Converter done
Event: 5.537 loading class com/google/common/collect/Maps$BiMapConverter
Event: 5.537 loading class com/google/common/collect/Maps$BiMapConverter done
Event: 5.538 loading class com/google/common/collect/ImmutableEnumMap
Event: 5.538 loading class com/google/common/collect/ImmutableEnumMap done
Event: 5.538 loading class com/google/common/base/Joiner$MapJoiner
Event: 5.538 loading class com/google/common/base/Joiner$MapJoiner done


Dynamic libraries:
0x000000013f7b0000 - 0x000000013f7e1000 	C:\Program Files\Android\Android Studio1\jre\bin\java.exe
0x0000000077b40000 - 0x0000000077ce9000 	C:\Windows\SYSTEM32\ntdll.dll
0x0000000077a20000 - 0x0000000077b3f000 	C:\Windows\system32\kernel32.dll
0x000007fefd930000 - 0x000007fefd99c000 	C:\Windows\system32\KERNELBASE.dll
0x000007fefe080000 - 0x000007fefe15b000 	C:\Windows\system32\ADVAPI32.dll
0x000007fefdd90000 - 0x000007fefde2f000 	C:\Windows\system32\msvcrt.dll
0x000007feffd90000 - 0x000007feffdaf000 	C:\Windows\SYSTEM32\sechost.dll
0x000007fefdf50000 - 0x000007fefe07d000 	C:\Windows\system32\RPCRT4.dll
0x0000000077920000 - 0x0000000077a1a000 	C:\Windows\system32\USER32.dll
0x000007fefdcc0000 - 0x000007fefdd27000 	C:\Windows\system32\GDI32.dll
0x000007fefdcb0000 - 0x000007fefdcbe000 	C:\Windows\system32\LPK.dll
0x000007fefe760000 - 0x000007fefe829000 	C:\Windows\system32\USP10.dll
0x000007fefbcf0000 - 0x000007fefbee4000 	C:\Windows\WinSxS\amd64_microsoft.windows.common-controls_6595b64144ccf1df_6.0.7601.18837_none_fa3b1e3d17594757\COMCTL32.dll
0x000007fefe830000 - 0x000007fefe8a1000 	C:\Windows\system32\SHLWAPI.dll
0x000007fefeb50000 - 0x000007fefeb7e000 	C:\Windows\system32\IMM32.DLL
0x000007fefde30000 - 0x000007fefdf39000 	C:\Windows\system32\MSCTF.dll
0x000007fefd830000 - 0x000007fefd860000 	C:\Windows\system32\nvinitx.dll
0x000007fefd820000 - 0x000007fefd82c000 	C:\Windows\system32\VERSION.dll
0x00000000740f0000 - 0x00000000740f6000 	C:\Program Files\NVIDIA Corporation\CoProcManager\detoured.dll
0x000007fefae30000 - 0x000007fefae68000 	C:\Program Files\NVIDIA Corporation\CoProcManager\nvd3d9wrapx.dll
0x000007fefe950000 - 0x000007fefeb27000 	C:\Windows\system32\SETUPAPI.dll
0x000007fefdbf0000 - 0x000007fefdc26000 	C:\Windows\system32\CFGMGR32.dll
0x000007fefed10000 - 0x000007fefede7000 	C:\Windows\system32\OLEAUT32.dll
0x000007feffb80000 - 0x000007feffd83000 	C:\Windows\system32\ole32.dll
0x000007fefd910000 - 0x000007fefd92a000 	C:\Windows\system32\DEVOBJ.dll
0x000007fefae00000 - 0x000007fefae24000 	C:\Program Files\NVIDIA Corporation\CoProcManager\nvdxgiwrapx.dll
0x0000000071040000 - 0x0000000071112000 	C:\Program Files\Android\Android Studio1\jre\jre\bin\msvcr100.dll
0x0000000068ff0000 - 0x000000006982e000 	C:\Program Files\Android\Android Studio1\jre\jre\bin\server\jvm.dll
0x000007fef6320000 - 0x000007fef6329000 	C:\Windows\system32\WSOCK32.dll
0x000007fefe710000 - 0x000007fefe75d000 	C:\Windows\system32\WS2_32.dll
0x000007fefdf40000 - 0x000007fefdf48000 	C:\Windows\system32\NSI.dll
0x000007fefac70000 - 0x000007fefacab000 	C:\Windows\system32\WINMM.dll
0x0000000077d10000 - 0x0000000077d17000 	C:\Windows\system32\PSAPI.DLL
0x000007fef3670000 - 0x000007fef367f000 	C:\Program Files\Android\Android Studio1\jre\jre\bin\verify.dll
0x000007fef3640000 - 0x000007fef3669000 	C:\Program Files\Android\Android Studio1\jre\jre\bin\java.dll
0x000007fef3620000 - 0x000007fef3636000 	C:\Program Files\Android\Android Studio1\jre\jre\bin\zip.dll
0x000007fefedf0000 - 0x000007feffb79000 	C:\Windows\system32\SHELL32.dll
0x00000000006a0000 - 0x00000000006af000 	C:\Windows\system32\profapi.dll
0x000007fef3600000 - 0x000007fef361a000 	C:\Program Files\Android\Android Studio1\jre\jre\bin\net.dll
0x000007fefd050000 - 0x000007fefd0a5000 	C:\Windows\system32\mswsock.dll
0x000007fefd040000 - 0x000007fefd047000 	C:\Windows\System32\wship6.dll
0x000007fef35e0000 - 0x000007fef35f1000 	C:\Program Files\Android\Android Studio1\jre\jre\bin\nio.dll
0x000007fef0740000 - 0x000007fef075e000 	C:\Users\G\.gradle\native\25\windows-amd64\native-platform.dll
0x000007fef35d0000 - 0x000007fef35dd000 	C:\Program Files\Android\Android Studio1\jre\jre\bin\management.dll
0x000007fefd0b0000 - 0x000007fefd0c8000 	C:\Windows\system32\CRYPTSP.dll
0x000007fefcdb0000 - 0x000007fefcdf7000 	C:\Windows\system32\rsaenh.dll
0x000007fefdc40000 - 0x000007fefdc5e000 	C:\Windows\system32\USERENV.dll
0x000007fefd710000 - 0x000007fefd71f000 	C:\Windows\system32\CRYPTBASE.dll
0x000007fefae80000 - 0x000007fefaea7000 	C:\Windows\system32\IPHLPAPI.DLL
0x000007fefae70000 - 0x000007fefae7b000 	C:\Windows\system32\WINNSI.DLL
0x000007fefa4a0000 - 0x000007fefa4b8000 	C:\Windows\system32\dhcpcsvc.DLL
0x000007fefa470000 - 0x000007fefa481000 	C:\Windows\system32\dhcpcsvc6.DLL

VM Arguments:
jvm_args: -XX:+HeapDumpOnOutOfMemoryError -Xmx1024m -Dfile.encoding=windows-1252 -Duser.country=US -Duser.language=en -Duser.variant 
java_command: org.gradle.launcher.daemon.bootstrap.GradleDaemon 4.1
java_class_path (initial): C:\Users\G\.gradle\wrapper\dists\gradle-4.1-all\bzyivzo6n839fup2jbap0tjew\gradle-4.1\lib\gradle-launcher-4.1.jar
Launcher Type: SUN_STANDARD

Environment Variables:
JAVA_HOME=C:\Program Files\Java\jdk1.8.0_121
PATH=C:\ProgramData\Oracle\Java\javapath;C:\Windows\system32;C:\Windows;C:\Windows\System32\Wbem;C:\Windows\System32\WindowsPowerShell\v1.0\;C:\Program Files\Intel\WiFi\bin\;C:\Program Files\Common Files\Intel\WirelessCommon\;C:\Program Files (x86)\NVIDIA Corporation\PhysX\Common;C:\Program Files (x86)\Intel\OpenCL SDK\3.0\bin\x86;C:\Program Files (x86)\Intel\OpenCL SDK\3.0\bin\x64;c:\Program Files (x86)\Microsoft SQL Server\100\Tools\Binn\;c:\Program Files\Microsoft SQL Server\100\Tools\Binn\;c:\Program Files\Microsoft SQL Server\100\DTS\Binn\;C:\Program Files\Intel\WiFi\bin\;C:\Program Files\Common Files\Intel\WirelessCommon\;C:\Users\G\AppData\Local\GitHubDesktop\bin
USERNAME=G
OS=Windows_NT
PROCESSOR_IDENTIFIER=Intel64 Family 6 Model 60 Stepping 3, GenuineIntel



---------------  S Y S T E M  ---------------

OS: Windows 7 , 64 bit Build 7601 (6.1.7601.18869)

CPU:total 8 (initial active 8) (4 cores per cpu, 2 threads per core) family 6 model 60 stepping 3, cmov, cx8, fxsr, mmx, sse, sse2, sse3, ssse3, sse4.1, sse4.2, popcnt, avx, avx2, aes, clmul, erms, lzcnt, ht, tsc, tscinvbit, bmi1, bmi2

Memory: 4k page, physical 8139120k(1137316k free), swap 8841128k(11852k free)

vm_info: OpenJDK 64-Bit Server VM (25.152-b01) for windows-amd64 JRE (1.8.0_152-release-915-b01), built by "builder" with MS VC++ 10.0 (VS2010)

time: Mon Mar 12 03:16:12 2018
elapsed time: 6 seconds (0d 0h 0m 6s)

